<?xml version="1.0" encoding="utf-8"?><testsuites><testsuite errors="0" failures="0" hostname="73cef4385fbc" name="pytest" skipped="0" tests="8" time="0.181" timestamp="2024-05-11T10:32:44.867430"><testcase classname="test.rest.api_test.TestApi" name="test_api_add" time="0.004"></testcase><testcase classname="test.rest.api_test.TestApi" name="test_divide" time="0.001"></testcase><testcase classname="test.rest.api_test.TestApi" name="test_log" time="0.001"></testcase><testcase classname="test.rest.api_test.TestApi" name="test_multiply" time="0.001"></testcase><testcase classname="test.rest.api_test.TestApi" name="test_nonexistent_route" time="0.002"></testcase><testcase classname="test.rest.api_test.TestApi" name="test_power" time="0.002"></testcase><testcase classname="test.rest.api_test.TestApi" name="test_square_root" time="0.001"></testcase><testcase classname="test.rest.api_test.TestApi" name="test_substract" time="0.001"></testcase></testsuite></testsuites>