<testsuite errors="0" failures="0" hostname="d42ece7e0891" name="features.calculator-scientific.Calculator advanced usage" skipped="1" tests="1" time="0.0" timestamp="2024-05-10T16:33:25.052574"><testcase classname="features.calculator-scientific.Calculator advanced usage" name="Use the cosine operation" status="skipped" time="0"><skipped /><system-out>
<![CDATA[
@scenario.begin

  @wip
  Scenario: Use the cosine operation
    Given I open the calculator ... skipped in 0.000s
    When I type cos(0) ... skipped in 0.000s
    Then the result is 1 ... skipped in 0.000s

@scenario.end
--------------------------------------------------------------------------------
]]>
</system-out></testcase></testsuite>